<?xml version="1.0" encoding="UTF-8"?>
<!-- Generated by org.testng.reporters.JUnitReportReporter -->
<testsuite hostname="LTIN590050" failures="0" tests="1" name="testCases.HealthInsuranceTest" time="1.323" errors="0" timestamp="2025-08-12T12:05:55 IST" skipped="0">
  <testcase classname="testCases.HealthInsuranceTest" name="printHealthInsuranceMenuItems" time="1.323"/>
</testsuite> <!-- testCases.HealthInsuranceTest -->
